<?xml version="1.0" encoding="UTF-8"?>
<!-- Generated by org.testng.reporters.JUnitReportReporter -->
<testsuite skipped="0" hostname="Sandeepgupta01" name="com.wunderlist.testCases.TC001_GETRequest_Lists" tests="2" failures="0" timestamp="30 Oct 2019 12:37:29 GMT" time="0.022" errors="0">
  <testcase name="checkStatusCode" time="0.003" classname="com.wunderlist.testCases.TC001_GETRequest_Lists"/>
  <testcase name="checkContentType" time="0.019" classname="com.wunderlist.testCases.TC001_GETRequest_Lists"/>
</testsuite> <!-- com.wunderlist.testCases.TC001_GETRequest_Lists -->
