<?xml version="1.0" encoding="UTF-8"?>
<!-- Generated by org.testng.reporters.JUnitReportReporter -->
<testsuite skipped="0" hostname="Sandeepgupta01" name="com.wunderlist.testCases.WunderList_Patch_Request" tests="1" failures="0" timestamp="31 Oct 2019 13:09:15 GMT" time="4.060" errors="0">
  <testcase name="patchList" time="4.060" classname="com.wunderlist.testCases.WunderList_Patch_Request"/>
</testsuite> <!-- com.wunderlist.testCases.WunderList_Patch_Request -->
