<?xml version="1.0" encoding="UTF-8"?>
<!-- Generated by org.testng.reporters.JUnitReportReporter -->
<testsuite skipped="0" hostname="Sandeepgupta01" name="com.wunderlist.testCases.TC002_GETRequestById" tests="2" failures="0" timestamp="30 Oct 2019 12:36:44 GMT" time="0.048" errors="0">
  <testcase name="checkResponseBody" time="0.046" classname="com.wunderlist.testCases.TC002_GETRequestById"/>
  <testcase name="checkStatusCode" time="0.002" classname="com.wunderlist.testCases.TC002_GETRequestById"/>
</testsuite> <!-- com.wunderlist.testCases.TC002_GETRequestById -->
