<?xml version="1.0" encoding="UTF-8"?>
<!-- Generated by org.testng.reporters.JUnitReportReporter -->
<testsuite skipped="0" hostname="Sandeepgupta01" name="com.wunderlist.testCases.POST_Request" tests="2" failures="0" timestamp="31 Oct 2019 13:27:42 GMT" time="3.790" errors="0">
  <testcase name="createListWithInvalidTitle" time="1.064" classname="com.wunderlist.testCases.POST_Request"/>
  <testcase name="createListSuccess" time="2.726" classname="com.wunderlist.testCases.POST_Request"/>
</testsuite> <!-- com.wunderlist.testCases.POST_Request -->
