<?xml version="1.0" encoding="UTF-8"?>
<!-- Generated by org.testng.reporters.JUnitReportReporter -->
<testsuite skipped="0" hostname="Sandeepgupta01" name="com.wunderlist.testCases.WunderList_POST_Request" tests="2" failures="0" timestamp="01 Nov 2019 13:46:19 GMT" time="4.289" errors="0">
  <testcase name="createListSuccess" time="2.645" classname="com.wunderlist.testCases.WunderList_POST_Request"/>
  <testcase name="createListWithInvalidTitle" time="1.644" classname="com.wunderlist.testCases.WunderList_POST_Request"/>
</testsuite> <!-- com.wunderlist.testCases.WunderList_POST_Request -->
