<?xml version="1.0" encoding="UTF-8"?>
<!-- Generated by org.testng.reporters.JUnitReportReporter -->
<testsuite skipped="0" hostname="Sandeepgupta01" name="com.wunderlist.testCases.WunderList_GET_Request" tests="2" failures="0" timestamp="31 Oct 2019 13:25:50 GMT" time="3.579" errors="0">
  <testcase name="verifyGETRequestByID" time="1.162" classname="com.wunderlist.testCases.WunderList_GET_Request"/>
  <testcase name="verifyGETRequest" time="2.417" classname="com.wunderlist.testCases.WunderList_GET_Request"/>
</testsuite> <!-- com.wunderlist.testCases.WunderList_GET_Request -->
