<?xml version="1.0" encoding="UTF-8"?>
<!-- Generated by org.testng.reporters.JUnitReportReporter -->
<testsuite skipped="0" hostname="Sandeepgupta01" name="com.wunderlist.testCases.WunderList_Patch_Request" tests="2" failures="0" timestamp="01 Nov 2019 13:46:19 GMT" time="4.699" errors="0">
  <testcase name="patchListWithRevison" time="3.317" classname="com.wunderlist.testCases.WunderList_Patch_Request"/>
  <testcase name="patchListWithInvalidRevision" time="1.382" classname="com.wunderlist.testCases.WunderList_Patch_Request"/>
</testsuite> <!-- com.wunderlist.testCases.WunderList_Patch_Request -->
