<?xml version="1.0" encoding="UTF-8"?>
<!-- Generated by org.testng.reporters.JUnitReportReporter -->
<testsuite skipped="0" hostname="Sandeepgupta01" name="com.wunderlist.testCases.Wunderlist_PUT_Request" tests="2" failures="0" timestamp="01 Nov 2019 13:46:19 GMT" time="4.916" errors="0">
  <testcase name="putListWithInvalidRevision" time="1.391" classname="com.wunderlist.testCases.Wunderlist_PUT_Request"/>
  <testcase name="putListWithRevison" time="3.525" classname="com.wunderlist.testCases.Wunderlist_PUT_Request"/>
</testsuite> <!-- com.wunderlist.testCases.Wunderlist_PUT_Request -->
