<?xml version="1.0" encoding="UTF-8"?>
<!-- Generated by org.testng.reporters.JUnitReportReporter -->
<testsuite skipped="0" hostname="Sandeepgupta01" name="com.wunderlist.testCases.WunderList_GET_Request" tests="2" failures="0" timestamp="01 Nov 2019 13:46:19 GMT" time="4.365" errors="0">
  <testcase name="verifyGETRequest" time="3.077" classname="com.wunderlist.testCases.WunderList_GET_Request"/>
  <testcase name="verifyGETRequestByID" time="1.288" classname="com.wunderlist.testCases.WunderList_GET_Request"/>
</testsuite> <!-- com.wunderlist.testCases.WunderList_GET_Request -->
