<?xml version="1.0" encoding="UTF-8"?>
<!-- Generated by org.testng.reporters.JUnitReportReporter -->
<testsuite skipped="0" hostname="Sandeepgupta01" name="com.wunderlist.testCases.POST_Request" tests="2" failures="0" timestamp="01 Nov 2019 06:20:23 GMT" time="4.085" errors="0">
  <testcase name="createListWithInvalidTitle" time="1.273" classname="com.wunderlist.testCases.POST_Request"/>
  <testcase name="createListSuccess" time="2.812" classname="com.wunderlist.testCases.POST_Request"/>
</testsuite> <!-- com.wunderlist.testCases.POST_Request -->
