<?xml version="1.0" encoding="UTF-8"?>
<!-- Generated by org.testng.reporters.JUnitReportReporter -->
<testsuite skipped="0" hostname="Sandeepgupta01" name="com.wunderlist.testCases.WunderList_DELETE_Request" tests="2" failures="0" timestamp="01 Nov 2019 13:46:19 GMT" time="5.923" errors="0">
  <testcase name="deleteListWithRevison" time="3.469" classname="com.wunderlist.testCases.WunderList_DELETE_Request"/>
  <testcase name="deleteListWithInvalidRevison" time="2.454" classname="com.wunderlist.testCases.WunderList_DELETE_Request"/>
</testsuite> <!-- com.wunderlist.testCases.WunderList_DELETE_Request -->
